<?xml version="1.0" encoding="UTF-8"?>
<!-- Generated by org.testng.reporters.JUnitReportReporter -->
<testsuite skipped="0" hostname="DESKTOP-D2TEAUT" name="techfiosAPI2.APIPost2" tests="1" failures="0" timestamp="2020-05-25T19:18:10 CDT" time="5.708" errors="0">
  <testcase name="aPI_Post2" time="5.708" classname="techfiosAPI2.APIPost2"/>
</testsuite> <!-- techfiosAPI2.APIPost2 -->
